---------------------------------------------------------------
[ 2018-12-13T22:49:32+08:00 ] 0.0.0.0 GET localhost:8011/api/test/sms
[运行时间：0.106412s] [吞吐率：9.40req/s] [内存消耗：1,466.25kb] [文件加载：45]
[ info ] [ LANG ] D:\phpStudy\PHPTutorial\WWW\thinphp\thinkphp\lang\zh-cn.php
[ info ] [ ROUTE ] array (
  'type' => 'module',
  'module' => 
  array (
    0 => 'api',
    1 => 'test',
    2 => 'sms',
  ),
)
[ info ] [ HEADER ] array (
  'host' => 'localhost:8011',
  'connection' => 'keep-alive',
  'model' => 'sanxing',
  'user-agent' => 'Mozilla/5.0 (Windows NT 10.0; Win64; x64) AppleWebKit/537.36 (KHTML, like Gecko) Chrome/70.0.3538.77 Safari/537.36',
  'did' => '123dsa',
  'app_type' => 'ios',
  'cache-control' => 'no-cache',
  'postman-token' => '8f8aec3e-2f17-58e1-d519-5307b8bb1998',
  'sign' => 'oGli3JlDJrPHxY+rfdDHLCwpkUFiJ6XXke6LgwYuD3++DK2NLx4v2zydXpMS9mLW',
  'version' => '1',
  'accept' => '*/*',
  'accept-encoding' => 'gzip, deflate, br',
  'accept-language' => 'zh-CN,zh;q=0.9,en;q=0.8',
)
[ info ] [ PARAM ] array (
)
[ info ] [ RUN ] app\api\controller\Test->sms[ D:\phpStudy\PHPTutorial\WWW\thinphp\application\api\controller\Test.php ]
[ info ] [ LOG ] INIT File
[ error ] [64]main(): Failed opening required 'D:\phpStudy\PHPTutorial\WWW\thinphp\extend\aliapi_sdk/vendor/autoload.php' (include_path='.;C:\php\pear')[D:\phpStudy\PHPTutorial\WWW\thinphp\extend\ali\api_demo\SmsDemo.php:7]
---------------------------------------------------------------
[ 2018-12-13T22:50:14+08:00 ] 0.0.0.0 GET localhost:8011/api/test/sms
[运行时间：0.040443s] [吞吐率：24.73req/s] [内存消耗：1,439.48kb] [文件加载：45]
[ info ] [ LANG ] D:\phpStudy\PHPTutorial\WWW\thinphp\thinkphp\lang\zh-cn.php
[ info ] [ ROUTE ] array (
  'type' => 'module',
  'module' => 
  array (
    0 => 'api',
    1 => 'test',
    2 => 'sms',
  ),
)
[ info ] [ HEADER ] array (
  'host' => 'localhost:8011',
  'connection' => 'keep-alive',
  'model' => 'sanxing',
  'user-agent' => 'Mozilla/5.0 (Windows NT 10.0; Win64; x64) AppleWebKit/537.36 (KHTML, like Gecko) Chrome/70.0.3538.77 Safari/537.36',
  'did' => '123dsa',
  'app_type' => 'ios',
  'cache-control' => 'no-cache',
  'postman-token' => 'f23d09e9-cf86-5663-6973-019fa6d5a330',
  'sign' => 'oGli3JlDJrPHxY+rfdDHLCwpkUFiJ6XXke6LgwYuD3++DK2NLx4v2zydXpMS9mLW',
  'version' => '1',
  'accept' => '*/*',
  'accept-encoding' => 'gzip, deflate, br',
  'accept-language' => 'zh-CN,zh;q=0.9,en;q=0.8',
)
[ info ] [ PARAM ] array (
)
[ info ] [ RUN ] app\api\controller\Test->sms[ D:\phpStudy\PHPTutorial\WWW\thinphp\application\api\controller\Test.php ]
[ info ] [ LOG ] INIT File
[ error ] [1]Class 'Aliyun\Core\Config' not found[D:\phpStudy\PHPTutorial\WWW\thinphp\extend\ali\api_demo\SmsDemo.php:17]
---------------------------------------------------------------
[ 2018-12-13T23:05:22+08:00 ] 0.0.0.0 GET localhost:8011/api/test/sms
[运行时间：0.088139s] [吞吐率：11.35req/s] [内存消耗：1,451.24kb] [文件加载：44]
[ info ] [ LANG ] D:\phpStudy\PHPTutorial\WWW\thinphp\thinkphp\lang\zh-cn.php
[ info ] [ ROUTE ] array (
  'type' => 'module',
  'module' => 
  array (
    0 => 'api',
    1 => 'test',
    2 => 'sms',
  ),
)
[ info ] [ HEADER ] array (
  'host' => 'localhost:8011',
  'connection' => 'keep-alive',
  'model' => 'sanxing',
  'user-agent' => 'Mozilla/5.0 (Windows NT 10.0; Win64; x64) AppleWebKit/537.36 (KHTML, like Gecko) Chrome/70.0.3538.77 Safari/537.36',
  'did' => '123dsa',
  'app_type' => 'ios',
  'cache-control' => 'no-cache',
  'postman-token' => '2602edb7-89c8-f776-2a8f-7fcdb0cdcc57',
  'sign' => 'oGli3JlDJrPHxY+rfdDHLCwpkUFiJ6XXke6LgwYuD3++DK2NLx4v2zydXpMS9mLW',
  'version' => '1',
  'accept' => '*/*',
  'accept-encoding' => 'gzip, deflate, br',
  'accept-language' => 'zh-CN,zh;q=0.9,en;q=0.8',
)
[ info ] [ PARAM ] array (
)
[ info ] [ RUN ] app\api\controller\Test->sms[ D:\phpStudy\PHPTutorial\WWW\thinphp\application\api\controller\Test.php ]
[ info ] [ LOG ] INIT File
[ error ] [64]app\api\controller\Test::sendSms(): Failed opening required 'D:\phpStudy\PHPTutorial\WWW\thinphp\extend\ali/api_sdk/vender/autoload.php' (include_path='.;C:\php\pear')[D:\phpStudy\PHPTutorial\WWW\thinphp\application\api\controller\Test.php:7]
---------------------------------------------------------------
[ 2018-12-13T23:08:41+08:00 ] 0.0.0.0 GET localhost:8011/api/test/sms
[运行时间：0.043398s] [吞吐率：23.04req/s] [内存消耗：1,451.24kb] [文件加载：44]
[ info ] [ LANG ] D:\phpStudy\PHPTutorial\WWW\thinphp\thinkphp\lang\zh-cn.php
[ info ] [ ROUTE ] array (
  'type' => 'module',
  'module' => 
  array (
    0 => 'api',
    1 => 'test',
    2 => 'sms',
  ),
)
[ info ] [ HEADER ] array (
  'host' => 'localhost:8011',
  'connection' => 'keep-alive',
  'model' => 'sanxing',
  'user-agent' => 'Mozilla/5.0 (Windows NT 10.0; Win64; x64) AppleWebKit/537.36 (KHTML, like Gecko) Chrome/70.0.3538.77 Safari/537.36',
  'did' => '123dsa',
  'app_type' => 'ios',
  'cache-control' => 'no-cache',
  'postman-token' => 'dfff02ee-8983-3cc7-a80d-ab667b447552',
  'sign' => 'oGli3JlDJrPHxY+rfdDHLCwpkUFiJ6XXke6LgwYuD3++DK2NLx4v2zydXpMS9mLW',
  'version' => '1',
  'accept' => '*/*',
  'accept-encoding' => 'gzip, deflate, br',
  'accept-language' => 'zh-CN,zh;q=0.9,en;q=0.8',
)
[ info ] [ PARAM ] array (
)
[ info ] [ RUN ] app\api\controller\Test->sms[ D:\phpStudy\PHPTutorial\WWW\thinphp\application\api\controller\Test.php ]
[ info ] [ LOG ] INIT File
[ error ] [64]app\api\controller\Test::sendSms(): Failed opening required 'D:\phpStudy\PHPTutorial\WWW\thinphp\extend\ali\api_sdk\vender\autoload.php' (include_path='.;C:\php\pear')[D:\phpStudy\PHPTutorial\WWW\thinphp\application\api\controller\Test.php:7]
---------------------------------------------------------------
[ 2018-12-13T23:09:32+08:00 ] 127.0.0.1 GET localhost:8011/api/test/sms
[运行时间：0.025093s] [吞吐率：39.85req/s] [内存消耗：1,450.49kb] [文件加载：44]
[ info ] [ LANG ] D:\phpStudy\PHPTutorial\WWW\thinphp\thinkphp\lang\zh-cn.php
[ info ] [ ROUTE ] array (
  'type' => 'module',
  'module' => 
  array (
    0 => 'api',
    1 => 'test',
    2 => 'sms',
  ),
)
[ info ] [ HEADER ] array (
  'host' => 'localhost:8011',
  'user-agent' => 'Mozilla/5.0 (Windows NT 10.0; WOW64; rv:63.0) Gecko/20100101 Firefox/63.0',
  'accept' => 'text/html,application/xhtml+xml,application/xml;q=0.9,*/*;q=0.8',
  'accept-language' => 'zh-CN,zh;q=0.8,zh-TW;q=0.7,zh-HK;q=0.5,en-US;q=0.3,en;q=0.2',
  'accept-encoding' => 'gzip, deflate',
  'connection' => 'keep-alive',
  'cookie' => 'Hm_lvt_080836300300be57b7f34f4b3e97d911=1544375105; Hm_lpvt_080836300300be57b7f34f4b3e97d911=1544375105',
  'upgrade-insecure-requests' => '1',
)
[ info ] [ PARAM ] array (
)
[ info ] [ RUN ] app\api\controller\Test->sms[ D:\phpStudy\PHPTutorial\WWW\thinphp\application\api\controller\Test.php ]
[ info ] [ LOG ] INIT File
[ error ] [64]app\api\controller\Test::sendSms(): Failed opening required 'D:\phpStudy\PHPTutorial\WWW\thinphp\extend\ali\api_sdk\vender\autoload.php' (include_path='.;C:\php\pear')[D:\phpStudy\PHPTutorial\WWW\thinphp\application\api\controller\Test.php:7]
---------------------------------------------------------------
[ 2018-12-13T23:10:43+08:00 ] 0.0.0.0 GET localhost:8011/api/test/sms
[运行时间：0.042848s] [吞吐率：23.34req/s] [内存消耗：1,451.24kb] [文件加载：44]
[ info ] [ LANG ] D:\phpStudy\PHPTutorial\WWW\thinphp\thinkphp\lang\zh-cn.php
[ info ] [ ROUTE ] array (
  'type' => 'module',
  'module' => 
  array (
    0 => 'api',
    1 => 'test',
    2 => 'sms',
  ),
)
[ info ] [ HEADER ] array (
  'host' => 'localhost:8011',
  'connection' => 'keep-alive',
  'model' => 'sanxing',
  'user-agent' => 'Mozilla/5.0 (Windows NT 10.0; Win64; x64) AppleWebKit/537.36 (KHTML, like Gecko) Chrome/70.0.3538.77 Safari/537.36',
  'did' => '123dsa',
  'app_type' => 'ios',
  'cache-control' => 'no-cache',
  'postman-token' => '8450b30a-25dd-5792-ed64-d6d36ff1548f',
  'sign' => 'oGli3JlDJrPHxY+rfdDHLCwpkUFiJ6XXke6LgwYuD3++DK2NLx4v2zydXpMS9mLW',
  'version' => '1',
  'accept' => '*/*',
  'accept-encoding' => 'gzip, deflate, br',
  'accept-language' => 'zh-CN,zh;q=0.9,en;q=0.8',
)
[ info ] [ PARAM ] array (
)
[ info ] [ RUN ] app\api\controller\Test->sms[ D:\phpStudy\PHPTutorial\WWW\thinphp\application\api\controller\Test.php ]
[ info ] [ LOG ] INIT File
[ error ] [64]app\api\controller\Test::sendSms(): Failed opening required 'D:\phpStudy\PHPTutorial\WWW\thinphp\extend\ali/api_sdk/vender/autoload.php' (include_path='.;C:\php\pear')[D:\phpStudy\PHPTutorial\WWW\thinphp\application\api\controller\Test.php:7]
---------------------------------------------------------------
[ 2018-12-13T23:11:36+08:00 ] 0.0.0.0 GET localhost:8011/api/test/sms
[运行时间：0.045355s] [吞吐率：22.05req/s] [内存消耗：1,451.24kb] [文件加载：44]
[ info ] [ LANG ] D:\phpStudy\PHPTutorial\WWW\thinphp\thinkphp\lang\zh-cn.php
[ info ] [ ROUTE ] array (
  'type' => 'module',
  'module' => 
  array (
    0 => 'api',
    1 => 'test',
    2 => 'sms',
  ),
)
[ info ] [ HEADER ] array (
  'host' => 'localhost:8011',
  'connection' => 'keep-alive',
  'model' => 'sanxing',
  'user-agent' => 'Mozilla/5.0 (Windows NT 10.0; Win64; x64) AppleWebKit/537.36 (KHTML, like Gecko) Chrome/70.0.3538.77 Safari/537.36',
  'did' => '123dsa',
  'app_type' => 'ios',
  'cache-control' => 'no-cache',
  'postman-token' => 'aed2f99e-35bf-7e0c-6327-b841d378a60c',
  'sign' => 'oGli3JlDJrPHxY+rfdDHLCwpkUFiJ6XXke6LgwYuD3++DK2NLx4v2zydXpMS9mLW',
  'version' => '1',
  'accept' => '*/*',
  'accept-encoding' => 'gzip, deflate, br',
  'accept-language' => 'zh-CN,zh;q=0.9,en;q=0.8',
)
[ info ] [ PARAM ] array (
)
[ info ] [ RUN ] app\api\controller\Test->sms[ D:\phpStudy\PHPTutorial\WWW\thinphp\application\api\controller\Test.php ]
[ info ] [ LOG ] INIT File
[ error ] [64]app\api\controller\Test::sendSms(): Failed opening required 'D:\phpStudy\PHPTutorial\WWW\thinphp\extend\ali/api_sdk/vender/autoload.php' (include_path='.;C:\php\pear')[D:\phpStudy\PHPTutorial\WWW\thinphp\application\api\controller\Test.php:7]
---------------------------------------------------------------
[ 2018-12-13T23:12:20+08:00 ] 0.0.0.0 GET localhost:8011/api/test/sms
[运行时间：0.039716s] [吞吐率：25.18req/s] [内存消耗：1,451.24kb] [文件加载：44]
[ info ] [ LANG ] D:\phpStudy\PHPTutorial\WWW\thinphp\thinkphp\lang\zh-cn.php
[ info ] [ ROUTE ] array (
  'type' => 'module',
  'module' => 
  array (
    0 => 'api',
    1 => 'test',
    2 => 'sms',
  ),
)
[ info ] [ HEADER ] array (
  'host' => 'localhost:8011',
  'connection' => 'keep-alive',
  'model' => 'sanxing',
  'user-agent' => 'Mozilla/5.0 (Windows NT 10.0; Win64; x64) AppleWebKit/537.36 (KHTML, like Gecko) Chrome/70.0.3538.77 Safari/537.36',
  'did' => '123dsa',
  'app_type' => 'ios',
  'cache-control' => 'no-cache',
  'postman-token' => '924dced8-825f-0b98-6231-a89d79352882',
  'sign' => 'oGli3JlDJrPHxY+rfdDHLCwpkUFiJ6XXke6LgwYuD3++DK2NLx4v2zydXpMS9mLW',
  'version' => '1',
  'accept' => '*/*',
  'accept-encoding' => 'gzip, deflate, br',
  'accept-language' => 'zh-CN,zh;q=0.9,en;q=0.8',
)
[ info ] [ PARAM ] array (
)
[ info ] [ RUN ] app\api\controller\Test->sms[ D:\phpStudy\PHPTutorial\WWW\thinphp\application\api\controller\Test.php ]
[ info ] [ LOG ] INIT File
[ error ] [64]app\api\controller\Test::sendSms(): Failed opening required 'D:\phpStudy\PHPTutorial\WWW\thinphp\extend\ali/api_sdk/vender/autoload.php' (include_path='.;C:\php\pear')[D:\phpStudy\PHPTutorial\WWW\thinphp\application\api\controller\Test.php:7]
---------------------------------------------------------------
[ 2018-12-13T23:25:39+08:00 ] 0.0.0.0 GET localhost:8011/api/test/sms
[运行时间：0.046476s] [吞吐率：21.52req/s] [内存消耗：1,451.16kb] [文件加载：44]
[ info ] [ LANG ] D:\phpStudy\PHPTutorial\WWW\thinphp\thinkphp\lang\zh-cn.php
[ info ] [ ROUTE ] array (
  'type' => 'module',
  'module' => 
  array (
    0 => 'api',
    1 => 'test',
    2 => 'sms',
  ),
)
[ info ] [ HEADER ] array (
  'host' => 'localhost:8011',
  'connection' => 'keep-alive',
  'model' => 'sanxing',
  'user-agent' => 'Mozilla/5.0 (Windows NT 10.0; Win64; x64) AppleWebKit/537.36 (KHTML, like Gecko) Chrome/70.0.3538.77 Safari/537.36',
  'did' => '123dsa',
  'app_type' => 'ios',
  'cache-control' => 'no-cache',
  'postman-token' => '0f4bc08f-aaf0-d976-afba-a08f5518de7e',
  'sign' => 'oGli3JlDJrPHxY+rfdDHLCwpkUFiJ6XXke6LgwYuD3++DK2NLx4v2zydXpMS9mLW',
  'version' => '1',
  'accept' => '*/*',
  'accept-encoding' => 'gzip, deflate, br',
  'accept-language' => 'zh-CN,zh;q=0.9,en;q=0.8',
)
[ info ] [ PARAM ] array (
)
[ info ] [ RUN ] app\api\controller\Test->sms[ D:\phpStudy\PHPTutorial\WWW\thinphp\application\api\controller\Test.php ]
[ info ] [ LOG ] INIT File
[ error ] [64]app\api\controller\Test::sendSms(): Failed opening required 'D:\phpStudy\PHPTutorial\WWW\thinphp\extend\alisms/vender/autoload.php' (include_path='.;C:\php\pear')[D:\phpStudy\PHPTutorial\WWW\thinphp\application\api\controller\Test.php:7]
---------------------------------------------------------------
[ 2018-12-13T23:37:08+08:00 ] 0.0.0.0 GET localhost:8011/api/test/sms
[运行时间：1.106047s] [吞吐率：0.90req/s] [内存消耗：2,123.60kb] [文件加载：64]
[ info ] [ LANG ] D:\phpStudy\PHPTutorial\WWW\thinphp\thinkphp\lang\zh-cn.php
[ info ] [ ROUTE ] array (
  'type' => 'module',
  'module' => 
  array (
    0 => 'api',
    1 => 'test',
    2 => 'sms',
  ),
)
[ info ] [ HEADER ] array (
  'host' => 'localhost:8011',
  'connection' => 'keep-alive',
  'model' => 'sanxing',
  'user-agent' => 'Mozilla/5.0 (Windows NT 10.0; Win64; x64) AppleWebKit/537.36 (KHTML, like Gecko) Chrome/70.0.3538.77 Safari/537.36',
  'did' => '123dsa',
  'app_type' => 'ios',
  'cache-control' => 'no-cache',
  'postman-token' => '45fe3bb2-b01b-4816-4a03-4203ba4f2603',
  'sign' => 'oGli3JlDJrPHxY+rfdDHLCwpkUFiJ6XXke6LgwYuD3++DK2NLx4v2zydXpMS9mLW',
  'version' => '1',
  'accept' => '*/*',
  'accept-encoding' => 'gzip, deflate, br',
  'accept-language' => 'zh-CN,zh;q=0.9,en;q=0.8',
)
[ info ] [ PARAM ] array (
)
[ info ] [ RUN ] app\api\controller\Test->sms[ D:\phpStudy\PHPTutorial\WWW\thinphp\application\api\controller\Test.php ]
[ info ] [ LOG ] INIT File
