---------------------------------------------------------------
[ 2018-12-14T02:22:04+08:00 ] 0.0.0.0 GET localhost:8011/api/test/testsend
[运行时间：0.983860s] [吞吐率：1.02req/s] [内存消耗：2,131.13kb] [文件加载：65]
[ info ] [ LANG ] D:\phpStudy\PHPTutorial\WWW\thinphp\thinkphp\lang\zh-cn.php
[ info ] [ ROUTE ] array (
  'type' => 'module',
  'module' => 
  array (
    0 => 'api',
    1 => 'test',
    2 => 'testsend',
  ),
)
[ info ] [ HEADER ] array (
  'host' => 'localhost:8011',
  'connection' => 'keep-alive',
  'model' => 'sanxing',
  'user-agent' => 'Mozilla/5.0 (Windows NT 10.0; Win64; x64) AppleWebKit/537.36 (KHTML, like Gecko) Chrome/70.0.3538.77 Safari/537.36',
  'did' => '123dsa',
  'app_type' => 'ios',
  'cache-control' => 'no-cache',
  'postman-token' => '6ffe707b-9675-d490-1dd9-00c3b7335b93',
  'sign' => 'oGli3JlDJrPHxY+rfdDHLCwpkUFiJ6XXke6LgwYuD3++DK2NLx4v2zydXpMS9mLW',
  'version' => '1',
  'accept' => '*/*',
  'accept-encoding' => 'gzip, deflate, br',
  'accept-language' => 'zh-CN,zh;q=0.9,en;q=0.8',
)
[ info ] [ PARAM ] array (
)
[ info ] [ RUN ] app\api\controller\Test->testsend[ D:\phpStudy\PHPTutorial\WWW\thinphp\application\api\controller\Test.php ]
[ info ] [ LOG ] INIT File
---------------------------------------------------------------
[ 2018-12-14T02:23:25+08:00 ] 127.0.0.1 GET localhost:8011/api/test/testsend
[运行时间：0.149865s] [吞吐率：6.67req/s] [内存消耗：2,130.59kb] [文件加载：65]
[ info ] [ LANG ] D:\phpStudy\PHPTutorial\WWW\thinphp\thinkphp\lang\zh-cn.php
[ info ] [ ROUTE ] array (
  'type' => 'module',
  'module' => 
  array (
    0 => 'api',
    1 => 'test',
    2 => 'testsend',
  ),
)
[ info ] [ HEADER ] array (
  'host' => 'localhost:8011',
  'user-agent' => 'Mozilla/5.0 (Windows NT 10.0; WOW64; rv:63.0) Gecko/20100101 Firefox/63.0',
  'accept' => 'text/html,application/xhtml+xml,application/xml;q=0.9,*/*;q=0.8',
  'accept-language' => 'zh-CN,zh;q=0.8,zh-TW;q=0.7,zh-HK;q=0.5,en-US;q=0.3,en;q=0.2',
  'accept-encoding' => 'gzip, deflate',
  'connection' => 'keep-alive',
  'cookie' => 'Hm_lvt_080836300300be57b7f34f4b3e97d911=1544375105; Hm_lpvt_080836300300be57b7f34f4b3e97d911=1544375105',
  'upgrade-insecure-requests' => '1',
)
[ info ] [ PARAM ] array (
)
[ info ] [ RUN ] app\api\controller\Test->testsend[ D:\phpStudy\PHPTutorial\WWW\thinphp\application\api\controller\Test.php ]
[ info ] [ LOG ] INIT File
---------------------------------------------------------------
[ 2018-12-14T02:24:10+08:00 ] 127.0.0.1 GET localhost:8011/api/test/testsend
[运行时间：0.126055s] [吞吐率：7.93req/s] [内存消耗：2,093.23kb] [文件加载：63]
[ info ] [ LANG ] D:\phpStudy\PHPTutorial\WWW\thinphp\thinkphp\lang\zh-cn.php
[ info ] [ ROUTE ] array (
  'type' => 'module',
  'module' => 
  array (
    0 => 'api',
    1 => 'test',
    2 => 'testsend',
  ),
)
[ info ] [ HEADER ] array (
  'host' => 'localhost:8011',
  'user-agent' => 'Mozilla/5.0 (Windows NT 10.0; WOW64; rv:63.0) Gecko/20100101 Firefox/63.0',
  'accept' => 'text/html,application/xhtml+xml,application/xml;q=0.9,*/*;q=0.8',
  'accept-language' => 'zh-CN,zh;q=0.8,zh-TW;q=0.7,zh-HK;q=0.5,en-US;q=0.3,en;q=0.2',
  'accept-encoding' => 'gzip, deflate',
  'connection' => 'keep-alive',
  'cookie' => 'Hm_lvt_080836300300be57b7f34f4b3e97d911=1544375105; Hm_lpvt_080836300300be57b7f34f4b3e97d911=1544375105',
  'upgrade-insecure-requests' => '1',
  'cache-control' => 'max-age=0',
)
[ info ] [ PARAM ] array (
)
[ info ] [ RUN ] app\api\controller\Test->testsend[ D:\phpStudy\PHPTutorial\WWW\thinphp\application\api\controller\Test.php ]
[ info ] [ LOG ] INIT File
---------------------------------------------------------------
[ 2018-12-14T02:24:23+08:00 ] 127.0.0.1 GET localhost:8011/api/test/testsend
[运行时间：0.146768s] [吞吐率：6.81req/s] [内存消耗：2,130.80kb] [文件加载：65]
[ info ] [ LANG ] D:\phpStudy\PHPTutorial\WWW\thinphp\thinkphp\lang\zh-cn.php
[ info ] [ ROUTE ] array (
  'type' => 'module',
  'module' => 
  array (
    0 => 'api',
    1 => 'test',
    2 => 'testsend',
  ),
)
[ info ] [ HEADER ] array (
  'host' => 'localhost:8011',
  'user-agent' => 'Mozilla/5.0 (Windows NT 10.0; WOW64; rv:63.0) Gecko/20100101 Firefox/63.0',
  'accept' => 'text/html,application/xhtml+xml,application/xml;q=0.9,*/*;q=0.8',
  'accept-language' => 'zh-CN,zh;q=0.8,zh-TW;q=0.7,zh-HK;q=0.5,en-US;q=0.3,en;q=0.2',
  'accept-encoding' => 'gzip, deflate',
  'connection' => 'keep-alive',
  'cookie' => 'Hm_lvt_080836300300be57b7f34f4b3e97d911=1544375105; Hm_lpvt_080836300300be57b7f34f4b3e97d911=1544375105',
  'upgrade-insecure-requests' => '1',
  'cache-control' => 'max-age=0',
)
[ info ] [ PARAM ] array (
)
[ info ] [ RUN ] app\api\controller\Test->testsend[ D:\phpStudy\PHPTutorial\WWW\thinphp\application\api\controller\Test.php ]
[ info ] [ LOG ] INIT File
---------------------------------------------------------------
[ 2018-12-14T02:24:47+08:00 ] 127.0.0.1 GET localhost:8011/api/test/testsend
[运行时间：0.088070s] [吞吐率：11.35req/s] [内存消耗：2,130.70kb] [文件加载：65]
[ info ] [ LANG ] D:\phpStudy\PHPTutorial\WWW\thinphp\thinkphp\lang\zh-cn.php
[ info ] [ ROUTE ] array (
  'type' => 'module',
  'module' => 
  array (
    0 => 'api',
    1 => 'test',
    2 => 'testsend',
  ),
)
[ info ] [ HEADER ] array (
  'host' => 'localhost:8011',
  'user-agent' => 'Mozilla/5.0 (Windows NT 10.0; WOW64; rv:63.0) Gecko/20100101 Firefox/63.0',
  'accept' => 'text/html,application/xhtml+xml,application/xml;q=0.9,*/*;q=0.8',
  'accept-language' => 'zh-CN,zh;q=0.8,zh-TW;q=0.7,zh-HK;q=0.5,en-US;q=0.3,en;q=0.2',
  'accept-encoding' => 'gzip, deflate',
  'connection' => 'keep-alive',
  'cookie' => 'Hm_lvt_080836300300be57b7f34f4b3e97d911=1544375105; Hm_lpvt_080836300300be57b7f34f4b3e97d911=1544375105',
  'upgrade-insecure-requests' => '1',
  'cache-control' => 'max-age=0',
)
[ info ] [ PARAM ] array (
)
[ info ] [ RUN ] app\api\controller\Test->testsend[ D:\phpStudy\PHPTutorial\WWW\thinphp\application\api\controller\Test.php ]
[ info ] [ LOG ] INIT File
---------------------------------------------------------------
[ 2018-12-14T02:28:21+08:00 ] 127.0.0.1 GET localhost:8011/api/test/testsend
[运行时间：0.432362s] [吞吐率：2.31req/s] [内存消耗：2,130.43kb] [文件加载：65]
[ info ] [ LANG ] D:\phpStudy\PHPTutorial\WWW\thinphp\thinkphp\lang\zh-cn.php
[ info ] [ ROUTE ] array (
  'type' => 'module',
  'module' => 
  array (
    0 => 'api',
    1 => 'test',
    2 => 'testsend',
  ),
)
[ info ] [ HEADER ] array (
  'host' => 'localhost:8011',
  'user-agent' => 'Mozilla/5.0 (Windows NT 10.0; WOW64; rv:63.0) Gecko/20100101 Firefox/63.0',
  'accept' => 'text/html,application/xhtml+xml,application/xml;q=0.9,*/*;q=0.8',
  'accept-language' => 'zh-CN,zh;q=0.8,zh-TW;q=0.7,zh-HK;q=0.5,en-US;q=0.3,en;q=0.2',
  'accept-encoding' => 'gzip, deflate',
  'connection' => 'keep-alive',
  'cookie' => 'Hm_lvt_080836300300be57b7f34f4b3e97d911=1544375105; Hm_lpvt_080836300300be57b7f34f4b3e97d911=1544375105',
  'upgrade-insecure-requests' => '1',
)
[ info ] [ PARAM ] array (
)
[ info ] [ RUN ] app\api\controller\Test->testsend[ D:\phpStudy\PHPTutorial\WWW\thinphp\application\api\controller\Test.php ]
[ info ] [ LOG ] INIT File
---------------------------------------------------------------
[ 2018-12-14T02:31:40+08:00 ] 0.0.0.0 GET localhost:8011/api/test/testsend
[运行时间：0.431116s] [吞吐率：2.32req/s] [内存消耗：2,131.13kb] [文件加载：65]
[ info ] [ LANG ] D:\phpStudy\PHPTutorial\WWW\thinphp\thinkphp\lang\zh-cn.php
[ info ] [ ROUTE ] array (
  'type' => 'module',
  'module' => 
  array (
    0 => 'api',
    1 => 'test',
    2 => 'testsend',
  ),
)
[ info ] [ HEADER ] array (
  'host' => 'localhost:8011',
  'connection' => 'keep-alive',
  'model' => 'sanxing',
  'user-agent' => 'Mozilla/5.0 (Windows NT 10.0; Win64; x64) AppleWebKit/537.36 (KHTML, like Gecko) Chrome/70.0.3538.77 Safari/537.36',
  'did' => '123dsa',
  'app_type' => 'ios',
  'cache-control' => 'no-cache',
  'postman-token' => '6c18fb0c-d61b-85fe-cb25-08aaa34c350d',
  'sign' => 'oGli3JlDJrPHxY+rfdDHLCwpkUFiJ6XXke6LgwYuD3++DK2NLx4v2zydXpMS9mLW',
  'version' => '1',
  'accept' => '*/*',
  'accept-encoding' => 'gzip, deflate, br',
  'accept-language' => 'zh-CN,zh;q=0.9,en;q=0.8',
)
[ info ] [ PARAM ] array (
)
[ info ] [ RUN ] app\api\controller\Test->testsend[ D:\phpStudy\PHPTutorial\WWW\thinphp\application\api\controller\Test.php ]
[ info ] [ LOG ] INIT File
---------------------------------------------------------------
[ 2018-12-14T02:32:28+08:00 ] 0.0.0.0 GET localhost:8011/api/test/testsend
[运行时间：0.205974s] [吞吐率：4.85req/s] [内存消耗：2,131.13kb] [文件加载：65]
[ info ] [ LANG ] D:\phpStudy\PHPTutorial\WWW\thinphp\thinkphp\lang\zh-cn.php
[ info ] [ ROUTE ] array (
  'type' => 'module',
  'module' => 
  array (
    0 => 'api',
    1 => 'test',
    2 => 'testsend',
  ),
)
[ info ] [ HEADER ] array (
  'host' => 'localhost:8011',
  'connection' => 'keep-alive',
  'model' => 'sanxing',
  'user-agent' => 'Mozilla/5.0 (Windows NT 10.0; Win64; x64) AppleWebKit/537.36 (KHTML, like Gecko) Chrome/70.0.3538.77 Safari/537.36',
  'did' => '123dsa',
  'app_type' => 'ios',
  'cache-control' => 'no-cache',
  'postman-token' => '6fcbad71-d572-c20a-e891-43714505acce',
  'sign' => 'oGli3JlDJrPHxY+rfdDHLCwpkUFiJ6XXke6LgwYuD3++DK2NLx4v2zydXpMS9mLW',
  'version' => '1',
  'accept' => '*/*',
  'accept-encoding' => 'gzip, deflate, br',
  'accept-language' => 'zh-CN,zh;q=0.9,en;q=0.8',
)
[ info ] [ PARAM ] array (
)
[ info ] [ RUN ] app\api\controller\Test->testsend[ D:\phpStudy\PHPTutorial\WWW\thinphp\application\api\controller\Test.php ]
[ info ] [ LOG ] INIT File
---------------------------------------------------------------
[ 2018-12-14T02:35:17+08:00 ] 0.0.0.0 GET localhost:8011/api/test/testsend
[运行时间：0.416574s] [吞吐率：2.40req/s] [内存消耗：2,149.57kb] [文件加载：68]
[ info ] [ LANG ] D:\phpStudy\PHPTutorial\WWW\thinphp\thinkphp\lang\zh-cn.php
[ info ] [ ROUTE ] array (
  'type' => 'module',
  'module' => 
  array (
    0 => 'api',
    1 => 'test',
    2 => 'testsend',
  ),
)
[ info ] [ HEADER ] array (
  'host' => 'localhost:8011',
  'connection' => 'keep-alive',
  'model' => 'sanxing',
  'user-agent' => 'Mozilla/5.0 (Windows NT 10.0; Win64; x64) AppleWebKit/537.36 (KHTML, like Gecko) Chrome/70.0.3538.77 Safari/537.36',
  'did' => '123dsa',
  'app_type' => 'ios',
  'cache-control' => 'no-cache',
  'postman-token' => '9df1ec4a-b7ac-e38c-af27-6be397262dcb',
  'sign' => 'oGli3JlDJrPHxY+rfdDHLCwpkUFiJ6XXke6LgwYuD3++DK2NLx4v2zydXpMS9mLW',
  'version' => '1',
  'accept' => '*/*',
  'accept-encoding' => 'gzip, deflate, br',
  'accept-language' => 'zh-CN,zh;q=0.9,en;q=0.8',
)
[ info ] [ PARAM ] array (
)
[ info ] [ RUN ] app\api\controller\Test->testsend[ D:\phpStudy\PHPTutorial\WWW\thinphp\application\api\controller\Test.php ]
[ info ] [ LOG ] INIT File
[ error ] [8]Undefined property: stdClass::$result[D:\phpStudy\PHPTutorial\WWW\thinphp\application\common\lib\Alisms.php:80]
---------------------------------------------------------------
[ 2018-12-14T02:36:39+08:00 ] 0.0.0.0 GET localhost:8011/api/test/testsend
[运行时间：0.166433s] [吞吐率：6.01req/s] [内存消耗：2,131.42kb] [文件加载：65]
[ info ] [ LANG ] D:\phpStudy\PHPTutorial\WWW\thinphp\thinkphp\lang\zh-cn.php
[ info ] [ ROUTE ] array (
  'type' => 'module',
  'module' => 
  array (
    0 => 'api',
    1 => 'test',
    2 => 'testsend',
  ),
)
[ info ] [ HEADER ] array (
  'host' => 'localhost:8011',
  'connection' => 'keep-alive',
  'model' => 'sanxing',
  'user-agent' => 'Mozilla/5.0 (Windows NT 10.0; Win64; x64) AppleWebKit/537.36 (KHTML, like Gecko) Chrome/70.0.3538.77 Safari/537.36',
  'did' => '123dsa',
  'app_type' => 'ios',
  'cache-control' => 'no-cache',
  'postman-token' => 'bdf3641d-96a3-88a3-f3bf-e1dc0c762a7c',
  'sign' => 'oGli3JlDJrPHxY+rfdDHLCwpkUFiJ6XXke6LgwYuD3++DK2NLx4v2zydXpMS9mLW',
  'version' => '1',
  'accept' => '*/*',
  'accept-encoding' => 'gzip, deflate, br',
  'accept-language' => 'zh-CN,zh;q=0.9,en;q=0.8',
)
[ info ] [ PARAM ] array (
)
[ info ] [ RUN ] app\api\controller\Test->testsend[ D:\phpStudy\PHPTutorial\WWW\thinphp\application\api\controller\Test.php ]
[ info ] [ LOG ] INIT File
---------------------------------------------------------------
[ 2018-12-14T02:37:14+08:00 ] 0.0.0.0 GET localhost:8011/api/test/testsend
[运行时间：0.200559s] [吞吐率：4.99req/s] [内存消耗：2,132.13kb] [文件加载：65]
[ info ] [ LANG ] D:\phpStudy\PHPTutorial\WWW\thinphp\thinkphp\lang\zh-cn.php
[ info ] [ ROUTE ] array (
  'type' => 'module',
  'module' => 
  array (
    0 => 'api',
    1 => 'test',
    2 => 'testsend',
  ),
)
[ info ] [ HEADER ] array (
  'host' => 'localhost:8011',
  'connection' => 'keep-alive',
  'model' => 'sanxing',
  'user-agent' => 'Mozilla/5.0 (Windows NT 10.0; Win64; x64) AppleWebKit/537.36 (KHTML, like Gecko) Chrome/70.0.3538.77 Safari/537.36',
  'did' => '123dsa',
  'app_type' => 'ios',
  'cache-control' => 'no-cache',
  'postman-token' => '80c77486-2a1f-100d-9049-013cbc93e4ba',
  'sign' => 'oGli3JlDJrPHxY+rfdDHLCwpkUFiJ6XXke6LgwYuD3++DK2NLx4v2zydXpMS9mLW',
  'version' => '1',
  'accept' => '*/*',
  'accept-encoding' => 'gzip, deflate, br',
  'accept-language' => 'zh-CN,zh;q=0.9,en;q=0.8',
)
[ info ] [ PARAM ] array (
)
[ info ] [ RUN ] app\api\controller\Test->testsend[ D:\phpStudy\PHPTutorial\WWW\thinphp\application\api\controller\Test.php ]
[ info ] [ LOG ] INIT File
---------------------------------------------------------------
[ 2018-12-14T02:37:23+08:00 ] 0.0.0.0 GET localhost:8011/api/test/testsend
[运行时间：0.238977s] [吞吐率：4.18req/s] [内存消耗：2,094.87kb] [文件加载：63]
[ info ] [ LANG ] D:\phpStudy\PHPTutorial\WWW\thinphp\thinkphp\lang\zh-cn.php
[ info ] [ ROUTE ] array (
  'type' => 'module',
  'module' => 
  array (
    0 => 'api',
    1 => 'test',
    2 => 'testsend',
  ),
)
[ info ] [ HEADER ] array (
  'host' => 'localhost:8011',
  'connection' => 'keep-alive',
  'model' => 'sanxing',
  'user-agent' => 'Mozilla/5.0 (Windows NT 10.0; Win64; x64) AppleWebKit/537.36 (KHTML, like Gecko) Chrome/70.0.3538.77 Safari/537.36',
  'did' => '123dsa',
  'app_type' => 'ios',
  'cache-control' => 'no-cache',
  'postman-token' => 'd7798f4e-4ba4-d6e1-ccc6-a09a9b54662c',
  'sign' => 'oGli3JlDJrPHxY+rfdDHLCwpkUFiJ6XXke6LgwYuD3++DK2NLx4v2zydXpMS9mLW',
  'version' => '1',
  'accept' => '*/*',
  'accept-encoding' => 'gzip, deflate, br',
  'accept-language' => 'zh-CN,zh;q=0.9,en;q=0.8',
)
[ info ] [ PARAM ] array (
)
[ info ] [ RUN ] app\api\controller\Test->testsend[ D:\phpStudy\PHPTutorial\WWW\thinphp\application\api\controller\Test.php ]
[ info ] [ LOG ] INIT File
---------------------------------------------------------------
[ 2018-12-14T12:23:14+08:00 ] 0.0.0.0 GET localhost:8011/api/test/sms
[运行时间：1.195191s] [吞吐率：0.84req/s] [内存消耗：2,124.91kb] [文件加载：65]
[ info ] [ LANG ] D:\phpStudy\PHPTutorial\WWW\thinphp\thinkphp\lang\zh-cn.php
[ info ] [ ROUTE ] array (
  'type' => 'module',
  'module' => 
  array (
    0 => 'api',
    1 => 'test',
    2 => 'sms',
  ),
)
[ info ] [ HEADER ] array (
  'host' => 'localhost:8011',
  'user-agent' => 'Mozilla/5.0 (Windows NT 10.0; WOW64; rv:63.0) Gecko/20100101 Firefox/63.0',
  'accept' => 'text/html,application/xhtml+xml,application/xml;q=0.9,*/*;q=0.8',
  'accept-language' => 'zh-CN,zh;q=0.8,zh-TW;q=0.7,zh-HK;q=0.5,en-US;q=0.3,en;q=0.2',
  'accept-encoding' => 'gzip, deflate',
  'connection' => 'keep-alive',
  'cookie' => 'Hm_lvt_080836300300be57b7f34f4b3e97d911=1544375105; Hm_lpvt_080836300300be57b7f34f4b3e97d911=1544375105',
  'upgrade-insecure-requests' => '1',
)
[ info ] [ PARAM ] array (
)
[ info ] [ RUN ] app\api\controller\Test->sms[ D:\phpStudy\PHPTutorial\WWW\thinphp\application\api\controller\Test.php ]
[ info ] [ LOG ] INIT File
